<?xml version="1.0" encoding="UTF-8"?>
<!-- Generated by org.testng.reporters.JUnitReportReporter -->
<testsuite hostname="DESKTOP-JOKB8D4" failures="0" tests="3" name="XYZBankTests.BankAccountAndCustomerTests" time="36.129" errors="0" timestamp="2022-10-15T16:47:46 GMT-04:00" skipped="0">
  <testcase classname="XYZBankTests.BankAccountAndCustomerTests" name="testAddCustomer" time="12.622"/>
  <system-out/>
  <testcase classname="XYZBankTests.BankAccountAndCustomerTests" name="testAddCustomerAndAddAccount" time="18.841"/>
  <system-out/>
  <testcase classname="XYZBankTests.BankAccountAndCustomerTests" name="harshaTest" time="4.666"/>
  <system-out/>
</testsuite> <!-- XYZBankTests.BankAccountAndCustomerTests -->
